<?xml version="1.0" encoding="UTF-8"?>
<!-- Generated by org.testng.reporters.JUnitReportReporter -->
<testsuite hostname="ip-192-168-29-148.ap-south-1.compute.internal" failures="0" tests="1" name="Org.Framework.Tests.PlacingOrdersTest" time="16.916" errors="0" timestamp="2024-08-13T20:48:55 IST" skipped="0">
  <testcase classname="Org.Framework.Tests.PlacingOrdersTest" name="guestOrderPlacementTest" time="16.916"/>
</testsuite> <!-- Org.Framework.Tests.PlacingOrdersTest -->
